<?xml version="1.0" encoding="UTF-8"?>
<testsuite xmlns:xsi="http://www.w3.org/2001/XMLSchema-instance" xsi:noNamespaceSchemaLocation="https://maven.apache.org/surefire/maven-surefire-plugin/xsd/surefire-test-report.xsd" name="com.groovanoscode.customer.CustomerJDBCDataAccessServiceTest" time="1.695" tests="14" errors="0" skipped="0" failures="0">
  <properties>
    <property name="java.specification.version" value="20"/>
    <property name="sun.jnu.encoding" value="UTF-8"/>
    <property name="java.class.path" value="/Users/bricetchuemkom/Desktop/Groovanoscode/spring-boot-example/target/test-classes:/Users/bricetchuemkom/Desktop/Groovanoscode/spring-boot-example/target/classes:/Users/bricetchuemkom/.m2/repository/org/postgresql/postgresql/42.5.4/postgresql-42.5.4.jar:/Users/bricetchuemkom/.m2/repository/org/checkerframework/checker-qual/3.5.0/checker-qual-3.5.0.jar:/Users/bricetchuemkom/.m2/repository/org/springframework/boot/spring-boot-starter-data-jpa/3.0.5/spring-boot-starter-data-jpa-3.0.5.jar:/Users/bricetchuemkom/.m2/repository/org/springframework/boot/spring-boot-starter-aop/3.0.5/spring-boot-starter-aop-3.0.5.jar:/Users/bricetchuemkom/.m2/repository/org/springframework/spring-aop/6.0.7/spring-aop-6.0.7.jar:/Users/bricetchuemkom/.m2/repository/org/aspectj/aspectjweaver/1.9.19/aspectjweaver-1.9.19.jar:/Users/bricetchuemkom/.m2/repository/org/springframework/boot/spring-boot-starter-jdbc/3.0.5/spring-boot-starter-jdbc-3.0.5.jar:/Users/bricetchuemkom/.m2/repository/com/zaxxer/HikariCP/5.0.1/HikariCP-5.0.1.jar:/Users/bricetchuemkom/.m2/repository/org/springframework/spring-jdbc/6.0.7/spring-jdbc-6.0.7.jar:/Users/bricetchuemkom/.m2/repository/org/hibernate/orm/hibernate-core/6.1.7.Final/hibernate-core-6.1.7.Final.jar:/Users/bricetchuemkom/.m2/repository/jakarta/persistence/jakarta.persistence-api/3.1.0/jakarta.persistence-api-3.1.0.jar:/Users/bricetchuemkom/.m2/repository/jakarta/transaction/jakarta.transaction-api/2.0.1/jakarta.transaction-api-2.0.1.jar:/Users/bricetchuemkom/.m2/repository/org/jboss/logging/jboss-logging/3.5.0.Final/jboss-logging-3.5.0.Final.jar:/Users/bricetchuemkom/.m2/repository/org/hibernate/common/hibernate-commons-annotations/6.0.6.Final/hibernate-commons-annotations-6.0.6.Final.jar:/Users/bricetchuemkom/.m2/repository/org/jboss/jandex/2.4.2.Final/jandex-2.4.2.Final.jar:/Users/bricetchuemkom/.m2/repository/com/fasterxml/classmate/1.5.1/classmate-1.5.1.jar:/Users/bricetchuemkom/.m2/repository/net/bytebuddy/byte-buddy/1.12.23/byte-buddy-1.12.23.jar:/Users/bricetchuemkom/.m2/repository/org/glassfish/jaxb/jaxb-runtime/4.0.2/jaxb-runtime-4.0.2.jar:/Users/bricetchuemkom/.m2/repository/org/glassfish/jaxb/jaxb-core/4.0.2/jaxb-core-4.0.2.jar:/Users/bricetchuemkom/.m2/repository/org/eclipse/angus/angus-activation/2.0.0/angus-activation-2.0.0.jar:/Users/bricetchuemkom/.m2/repository/org/glassfish/jaxb/txw2/4.0.2/txw2-4.0.2.jar:/Users/bricetchuemkom/.m2/repository/com/sun/istack/istack-commons-runtime/4.1.1/istack-commons-runtime-4.1.1.jar:/Users/bricetchuemkom/.m2/repository/jakarta/inject/jakarta.inject-api/2.0.0/jakarta.inject-api-2.0.0.jar:/Users/bricetchuemkom/.m2/repository/org/antlr/antlr4-runtime/4.10.1/antlr4-runtime-4.10.1.jar:/Users/bricetchuemkom/.m2/repository/org/springframework/data/spring-data-jpa/3.0.4/spring-data-jpa-3.0.4.jar:/Users/bricetchuemkom/.m2/repository/org/springframework/data/spring-data-commons/3.0.4/spring-data-commons-3.0.4.jar:/Users/bricetchuemkom/.m2/repository/org/springframework/spring-orm/6.0.7/spring-orm-6.0.7.jar:/Users/bricetchuemkom/.m2/repository/org/springframework/spring-context/6.0.7/spring-context-6.0.7.jar:/Users/bricetchuemkom/.m2/repository/org/springframework/spring-tx/6.0.7/spring-tx-6.0.7.jar:/Users/bricetchuemkom/.m2/repository/org/springframework/spring-beans/6.0.7/spring-beans-6.0.7.jar:/Users/bricetchuemkom/.m2/repository/jakarta/annotation/jakarta.annotation-api/2.1.1/jakarta.annotation-api-2.1.1.jar:/Users/bricetchuemkom/.m2/repository/org/springframework/spring-aspects/6.0.7/spring-aspects-6.0.7.jar:/Users/bricetchuemkom/.m2/repository/org/springframework/boot/spring-boot-starter-web/3.0.5/spring-boot-starter-web-3.0.5.jar:/Users/bricetchuemkom/.m2/repository/org/springframework/boot/spring-boot-starter/3.0.5/spring-boot-starter-3.0.5.jar:/Users/bricetchuemkom/.m2/repository/org/springframework/boot/spring-boot/3.0.5/spring-boot-3.0.5.jar:/Users/bricetchuemkom/.m2/repository/org/springframework/boot/spring-boot-autoconfigure/3.0.5/spring-boot-autoconfigure-3.0.5.jar:/Users/bricetchuemkom/.m2/repository/org/springframework/boot/spring-boot-starter-logging/3.0.5/spring-boot-starter-logging-3.0.5.jar:/Users/bricetchuemkom/.m2/repository/ch/qos/logback/logback-classic/1.4.6/logback-classic-1.4.6.jar:/Users/bricetchuemkom/.m2/repository/ch/qos/logback/logback-core/1.4.6/logback-core-1.4.6.jar:/Users/bricetchuemkom/.m2/repository/org/apache/logging/log4j/log4j-to-slf4j/2.19.0/log4j-to-slf4j-2.19.0.jar:/Users/bricetchuemkom/.m2/repository/org/apache/logging/log4j/log4j-api/2.19.0/log4j-api-2.19.0.jar:/Users/bricetchuemkom/.m2/repository/org/slf4j/jul-to-slf4j/2.0.7/jul-to-slf4j-2.0.7.jar:/Users/bricetchuemkom/.m2/repository/org/yaml/snakeyaml/1.33/snakeyaml-1.33.jar:/Users/bricetchuemkom/.m2/repository/org/springframework/boot/spring-boot-starter-json/3.0.5/spring-boot-starter-json-3.0.5.jar:/Users/bricetchuemkom/.m2/repository/com/fasterxml/jackson/core/jackson-databind/2.14.2/jackson-databind-2.14.2.jar:/Users/bricetchuemkom/.m2/repository/com/fasterxml/jackson/core/jackson-core/2.14.2/jackson-core-2.14.2.jar:/Users/bricetchuemkom/.m2/repository/com/fasterxml/jackson/datatype/jackson-datatype-jdk8/2.14.2/jackson-datatype-jdk8-2.14.2.jar:/Users/bricetchuemkom/.m2/repository/com/fasterxml/jackson/datatype/jackson-datatype-jsr310/2.14.2/jackson-datatype-jsr310-2.14.2.jar:/Users/bricetchuemkom/.m2/repository/com/fasterxml/jackson/module/jackson-module-parameter-names/2.14.2/jackson-module-parameter-names-2.14.2.jar:/Users/bricetchuemkom/.m2/repository/org/springframework/boot/spring-boot-starter-tomcat/3.0.5/spring-boot-starter-tomcat-3.0.5.jar:/Users/bricetchuemkom/.m2/repository/org/apache/tomcat/embed/tomcat-embed-core/10.1.7/tomcat-embed-core-10.1.7.jar:/Users/bricetchuemkom/.m2/repository/org/apache/tomcat/embed/tomcat-embed-el/10.1.7/tomcat-embed-el-10.1.7.jar:/Users/bricetchuemkom/.m2/repository/org/apache/tomcat/embed/tomcat-embed-websocket/10.1.7/tomcat-embed-websocket-10.1.7.jar:/Users/bricetchuemkom/.m2/repository/org/springframework/spring-web/6.0.7/spring-web-6.0.7.jar:/Users/bricetchuemkom/.m2/repository/io/micrometer/micrometer-observation/1.10.5/micrometer-observation-1.10.5.jar:/Users/bricetchuemkom/.m2/repository/io/micrometer/micrometer-commons/1.10.5/micrometer-commons-1.10.5.jar:/Users/bricetchuemkom/.m2/repository/org/springframework/spring-webmvc/6.0.7/spring-webmvc-6.0.7.jar:/Users/bricetchuemkom/.m2/repository/org/springframework/spring-expression/6.0.7/spring-expression-6.0.7.jar:/Users/bricetchuemkom/.m2/repository/org/springframework/boot/spring-boot-starter-data-jdbc/3.0.5/spring-boot-starter-data-jdbc-3.0.5.jar:/Users/bricetchuemkom/.m2/repository/org/springframework/data/spring-data-jdbc/3.0.4/spring-data-jdbc-3.0.4.jar:/Users/bricetchuemkom/.m2/repository/org/springframework/data/spring-data-relational/3.0.4/spring-data-relational-3.0.4.jar:/Users/bricetchuemkom/.m2/repository/org/flywaydb/flyway-core/9.5.1/flyway-core-9.5.1.jar:/Users/bricetchuemkom/.m2/repository/com/electronwill/night-config/toml/3.6.6/toml-3.6.6.jar:/Users/bricetchuemkom/.m2/repository/com/electronwill/night-config/core/3.6.6/core-3.6.6.jar:/Users/bricetchuemkom/.m2/repository/com/github/javafaker/javafaker/1.0.2/javafaker-1.0.2.jar:/Users/bricetchuemkom/.m2/repository/org/apache/commons/commons-lang3/3.12.0/commons-lang3-3.12.0.jar:/Users/bricetchuemkom/.m2/repository/org/yaml/snakeyaml/1.23/snakeyaml-1.23-android.jar:/Users/bricetchuemkom/.m2/repository/com/github/mifmif/generex/1.0.2/generex-1.0.2.jar:/Users/bricetchuemkom/.m2/repository/dk/brics/automaton/automaton/1.11-8/automaton-1.11-8.jar:/Users/bricetchuemkom/.m2/repository/org/springframework/boot/spring-boot-starter-test/3.0.5/spring-boot-starter-test-3.0.5.jar:/Users/bricetchuemkom/.m2/repository/org/springframework/boot/spring-boot-test/3.0.5/spring-boot-test-3.0.5.jar:/Users/bricetchuemkom/.m2/repository/org/springframework/boot/spring-boot-test-autoconfigure/3.0.5/spring-boot-test-autoconfigure-3.0.5.jar:/Users/bricetchuemkom/.m2/repository/com/jayway/jsonpath/json-path/2.7.0/json-path-2.7.0.jar:/Users/bricetchuemkom/.m2/repository/net/minidev/json-smart/2.4.10/json-smart-2.4.10.jar:/Users/bricetchuemkom/.m2/repository/net/minidev/accessors-smart/2.4.9/accessors-smart-2.4.9.jar:/Users/bricetchuemkom/.m2/repository/org/ow2/asm/asm/9.3/asm-9.3.jar:/Users/bricetchuemkom/.m2/repository/jakarta/xml/bind/jakarta.xml.bind-api/4.0.0/jakarta.xml.bind-api-4.0.0.jar:/Users/bricetchuemkom/.m2/repository/jakarta/activation/jakarta.activation-api/2.1.1/jakarta.activation-api-2.1.1.jar:/Users/bricetchuemkom/.m2/repository/org/assertj/assertj-core/3.23.1/assertj-core-3.23.1.jar:/Users/bricetchuemkom/.m2/repository/org/hamcrest/hamcrest/2.2/hamcrest-2.2.jar:/Users/bricetchuemkom/.m2/repository/org/junit/jupiter/junit-jupiter/5.9.2/junit-jupiter-5.9.2.jar:/Users/bricetchuemkom/.m2/repository/org/junit/jupiter/junit-jupiter-params/5.9.2/junit-jupiter-params-5.9.2.jar:/Users/bricetchuemkom/.m2/repository/org/junit/jupiter/junit-jupiter-engine/5.9.2/junit-jupiter-engine-5.9.2.jar:/Users/bricetchuemkom/.m2/repository/org/junit/platform/junit-platform-engine/1.9.2/junit-platform-engine-1.9.2.jar:/Users/bricetchuemkom/.m2/repository/org/mockito/mockito-core/4.8.1/mockito-core-4.8.1.jar:/Users/bricetchuemkom/.m2/repository/net/bytebuddy/byte-buddy-agent/1.12.23/byte-buddy-agent-1.12.23.jar:/Users/bricetchuemkom/.m2/repository/org/objenesis/objenesis/3.2/objenesis-3.2.jar:/Users/bricetchuemkom/.m2/repository/org/mockito/mockito-junit-jupiter/4.8.1/mockito-junit-jupiter-4.8.1.jar:/Users/bricetchuemkom/.m2/repository/org/skyscreamer/jsonassert/1.5.1/jsonassert-1.5.1.jar:/Users/bricetchuemkom/.m2/repository/com/vaadin/external/google/android-json/0.0.20131108.vaadin1/android-json-0.0.20131108.vaadin1.jar:/Users/bricetchuemkom/.m2/repository/org/springframework/spring-core/6.0.7/spring-core-6.0.7.jar:/Users/bricetchuemkom/.m2/repository/org/springframework/spring-jcl/6.0.7/spring-jcl-6.0.7.jar:/Users/bricetchuemkom/.m2/repository/org/springframework/spring-test/6.0.7/spring-test-6.0.7.jar:/Users/bricetchuemkom/.m2/repository/org/xmlunit/xmlunit-core/2.9.1/xmlunit-core-2.9.1.jar:/Users/bricetchuemkom/.m2/repository/org/testcontainers/testcontainers/1.17.6/testcontainers-1.17.6.jar:/Users/bricetchuemkom/.m2/repository/junit/junit/4.13.2/junit-4.13.2.jar:/Users/bricetchuemkom/.m2/repository/org/hamcrest/hamcrest-core/2.2/hamcrest-core-2.2.jar:/Users/bricetchuemkom/.m2/repository/org/slf4j/slf4j-api/2.0.7/slf4j-api-2.0.7.jar:/Users/bricetchuemkom/.m2/repository/org/apache/commons/commons-compress/1.22/commons-compress-1.22.jar:/Users/bricetchuemkom/.m2/repository/org/rnorth/duct-tape/duct-tape/1.0.8/duct-tape-1.0.8.jar:/Users/bricetchuemkom/.m2/repository/org/jetbrains/annotations/17.0.0/annotations-17.0.0.jar:/Users/bricetchuemkom/.m2/repository/com/github/docker-java/docker-java-api/3.2.13/docker-java-api-3.2.13.jar:/Users/bricetchuemkom/.m2/repository/com/fasterxml/jackson/core/jackson-annotations/2.14.2/jackson-annotations-2.14.2.jar:/Users/bricetchuemkom/.m2/repository/com/github/docker-java/docker-java-transport-zerodep/3.2.13/docker-java-transport-zerodep-3.2.13.jar:/Users/bricetchuemkom/.m2/repository/com/github/docker-java/docker-java-transport/3.2.13/docker-java-transport-3.2.13.jar:/Users/bricetchuemkom/.m2/repository/net/java/dev/jna/jna/5.8.0/jna-5.8.0.jar:/Users/bricetchuemkom/.m2/repository/org/testcontainers/junit-jupiter/1.17.6/junit-jupiter-1.17.6.jar:/Users/bricetchuemkom/.m2/repository/org/junit/jupiter/junit-jupiter-api/5.9.2/junit-jupiter-api-5.9.2.jar:/Users/bricetchuemkom/.m2/repository/org/opentest4j/opentest4j/1.2.0/opentest4j-1.2.0.jar:/Users/bricetchuemkom/.m2/repository/org/junit/platform/junit-platform-commons/1.9.2/junit-platform-commons-1.9.2.jar:/Users/bricetchuemkom/.m2/repository/org/apiguardian/apiguardian-api/1.1.2/apiguardian-api-1.1.2.jar:/Users/bricetchuemkom/.m2/repository/org/testcontainers/postgresql/1.17.6/postgresql-1.17.6.jar:/Users/bricetchuemkom/.m2/repository/org/testcontainers/jdbc/1.17.6/jdbc-1.17.6.jar:/Users/bricetchuemkom/.m2/repository/org/testcontainers/database-commons/1.17.6/database-commons-1.17.6.jar:/Users/bricetchuemkom/.m2/repository/org/springframework/boot/spring-boot-starter-webflux/3.0.5/spring-boot-starter-webflux-3.0.5.jar:/Users/bricetchuemkom/.m2/repository/org/springframework/boot/spring-boot-starter-reactor-netty/3.0.5/spring-boot-starter-reactor-netty-3.0.5.jar:/Users/bricetchuemkom/.m2/repository/io/projectreactor/netty/reactor-netty-http/1.1.5/reactor-netty-http-1.1.5.jar:/Users/bricetchuemkom/.m2/repository/io/netty/netty-codec-http/4.1.90.Final/netty-codec-http-4.1.90.Final.jar:/Users/bricetchuemkom/.m2/repository/io/netty/netty-common/4.1.90.Final/netty-common-4.1.90.Final.jar:/Users/bricetchuemkom/.m2/repository/io/netty/netty-buffer/4.1.90.Final/netty-buffer-4.1.90.Final.jar:/Users/bricetchuemkom/.m2/repository/io/netty/netty-transport/4.1.90.Final/netty-transport-4.1.90.Final.jar:/Users/bricetchuemkom/.m2/repository/io/netty/netty-codec/4.1.90.Final/netty-codec-4.1.90.Final.jar:/Users/bricetchuemkom/.m2/repository/io/netty/netty-handler/4.1.90.Final/netty-handler-4.1.90.Final.jar:/Users/bricetchuemkom/.m2/repository/io/netty/netty-codec-http2/4.1.90.Final/netty-codec-http2-4.1.90.Final.jar:/Users/bricetchuemkom/.m2/repository/io/netty/netty-resolver-dns/4.1.90.Final/netty-resolver-dns-4.1.90.Final.jar:/Users/bricetchuemkom/.m2/repository/io/netty/netty-resolver/4.1.90.Final/netty-resolver-4.1.90.Final.jar:/Users/bricetchuemkom/.m2/repository/io/netty/netty-codec-dns/4.1.90.Final/netty-codec-dns-4.1.90.Final.jar:/Users/bricetchuemkom/.m2/repository/io/netty/netty-resolver-dns-native-macos/4.1.90.Final/netty-resolver-dns-native-macos-4.1.90.Final-osx-x86_64.jar:/Users/bricetchuemkom/.m2/repository/io/netty/netty-resolver-dns-classes-macos/4.1.90.Final/netty-resolver-dns-classes-macos-4.1.90.Final.jar:/Users/bricetchuemkom/.m2/repository/io/netty/netty-transport-native-epoll/4.1.90.Final/netty-transport-native-epoll-4.1.90.Final-linux-x86_64.jar:/Users/bricetchuemkom/.m2/repository/io/netty/netty-transport-native-unix-common/4.1.90.Final/netty-transport-native-unix-common-4.1.90.Final.jar:/Users/bricetchuemkom/.m2/repository/io/netty/netty-transport-classes-epoll/4.1.90.Final/netty-transport-classes-epoll-4.1.90.Final.jar:/Users/bricetchuemkom/.m2/repository/io/projectreactor/netty/reactor-netty-core/1.1.5/reactor-netty-core-1.1.5.jar:/Users/bricetchuemkom/.m2/repository/io/netty/netty-handler-proxy/4.1.90.Final/netty-handler-proxy-4.1.90.Final.jar:/Users/bricetchuemkom/.m2/repository/io/netty/netty-codec-socks/4.1.90.Final/netty-codec-socks-4.1.90.Final.jar:/Users/bricetchuemkom/.m2/repository/org/springframework/spring-webflux/6.0.7/spring-webflux-6.0.7.jar:/Users/bricetchuemkom/.m2/repository/io/projectreactor/reactor-core/3.5.4/reactor-core-3.5.4.jar:/Users/bricetchuemkom/.m2/repository/org/reactivestreams/reactive-streams/1.0.4/reactive-streams-1.0.4.jar:"/>
    <property name="java.vm.vendor" value="Oracle Corporation"/>
    <property name="sun.arch.data.model" value="64"/>
    <property name="java.vendor.url" value="https://java.oracle.com/"/>
    <property name="os.name" value="Mac OS X"/>
    <property name="java.vm.specification.version" value="20"/>
    <property name="sun.java.launcher" value="SUN_STANDARD"/>
    <property name="user.country" value="DE"/>
    <property name="sun.boot.library.path" value="/Users/bricetchuemkom/Library/Java/JavaVirtualMachines/openjdk-20/Contents/Home/lib"/>
    <property name="sun.java.command" value="/Users/bricetchuemkom/Desktop/Groovanoscode/spring-boot-example/target/surefire/surefirebooter18420974687100904887.jar /Users/bricetchuemkom/Desktop/Groovanoscode/spring-boot-example/target/surefire 2023-05-15T11-11-15_066-jvmRun1 surefire16386903576175039613tmp surefire_012000657458900732354tmp"/>
    <property name="http.nonProxyHosts" value="local|*.local|169.254/16|*.169.254/16"/>
    <property name="jdk.debug" value="release"/>
    <property name="surefire.test.class.path" value="/Users/bricetchuemkom/Desktop/Groovanoscode/spring-boot-example/target/test-classes:/Users/bricetchuemkom/Desktop/Groovanoscode/spring-boot-example/target/classes:/Users/bricetchuemkom/.m2/repository/org/postgresql/postgresql/42.5.4/postgresql-42.5.4.jar:/Users/bricetchuemkom/.m2/repository/org/checkerframework/checker-qual/3.5.0/checker-qual-3.5.0.jar:/Users/bricetchuemkom/.m2/repository/org/springframework/boot/spring-boot-starter-data-jpa/3.0.5/spring-boot-starter-data-jpa-3.0.5.jar:/Users/bricetchuemkom/.m2/repository/org/springframework/boot/spring-boot-starter-aop/3.0.5/spring-boot-starter-aop-3.0.5.jar:/Users/bricetchuemkom/.m2/repository/org/springframework/spring-aop/6.0.7/spring-aop-6.0.7.jar:/Users/bricetchuemkom/.m2/repository/org/aspectj/aspectjweaver/1.9.19/aspectjweaver-1.9.19.jar:/Users/bricetchuemkom/.m2/repository/org/springframework/boot/spring-boot-starter-jdbc/3.0.5/spring-boot-starter-jdbc-3.0.5.jar:/Users/bricetchuemkom/.m2/repository/com/zaxxer/HikariCP/5.0.1/HikariCP-5.0.1.jar:/Users/bricetchuemkom/.m2/repository/org/springframework/spring-jdbc/6.0.7/spring-jdbc-6.0.7.jar:/Users/bricetchuemkom/.m2/repository/org/hibernate/orm/hibernate-core/6.1.7.Final/hibernate-core-6.1.7.Final.jar:/Users/bricetchuemkom/.m2/repository/jakarta/persistence/jakarta.persistence-api/3.1.0/jakarta.persistence-api-3.1.0.jar:/Users/bricetchuemkom/.m2/repository/jakarta/transaction/jakarta.transaction-api/2.0.1/jakarta.transaction-api-2.0.1.jar:/Users/bricetchuemkom/.m2/repository/org/jboss/logging/jboss-logging/3.5.0.Final/jboss-logging-3.5.0.Final.jar:/Users/bricetchuemkom/.m2/repository/org/hibernate/common/hibernate-commons-annotations/6.0.6.Final/hibernate-commons-annotations-6.0.6.Final.jar:/Users/bricetchuemkom/.m2/repository/org/jboss/jandex/2.4.2.Final/jandex-2.4.2.Final.jar:/Users/bricetchuemkom/.m2/repository/com/fasterxml/classmate/1.5.1/classmate-1.5.1.jar:/Users/bricetchuemkom/.m2/repository/net/bytebuddy/byte-buddy/1.12.23/byte-buddy-1.12.23.jar:/Users/bricetchuemkom/.m2/repository/org/glassfish/jaxb/jaxb-runtime/4.0.2/jaxb-runtime-4.0.2.jar:/Users/bricetchuemkom/.m2/repository/org/glassfish/jaxb/jaxb-core/4.0.2/jaxb-core-4.0.2.jar:/Users/bricetchuemkom/.m2/repository/org/eclipse/angus/angus-activation/2.0.0/angus-activation-2.0.0.jar:/Users/bricetchuemkom/.m2/repository/org/glassfish/jaxb/txw2/4.0.2/txw2-4.0.2.jar:/Users/bricetchuemkom/.m2/repository/com/sun/istack/istack-commons-runtime/4.1.1/istack-commons-runtime-4.1.1.jar:/Users/bricetchuemkom/.m2/repository/jakarta/inject/jakarta.inject-api/2.0.0/jakarta.inject-api-2.0.0.jar:/Users/bricetchuemkom/.m2/repository/org/antlr/antlr4-runtime/4.10.1/antlr4-runtime-4.10.1.jar:/Users/bricetchuemkom/.m2/repository/org/springframework/data/spring-data-jpa/3.0.4/spring-data-jpa-3.0.4.jar:/Users/bricetchuemkom/.m2/repository/org/springframework/data/spring-data-commons/3.0.4/spring-data-commons-3.0.4.jar:/Users/bricetchuemkom/.m2/repository/org/springframework/spring-orm/6.0.7/spring-orm-6.0.7.jar:/Users/bricetchuemkom/.m2/repository/org/springframework/spring-context/6.0.7/spring-context-6.0.7.jar:/Users/bricetchuemkom/.m2/repository/org/springframework/spring-tx/6.0.7/spring-tx-6.0.7.jar:/Users/bricetchuemkom/.m2/repository/org/springframework/spring-beans/6.0.7/spring-beans-6.0.7.jar:/Users/bricetchuemkom/.m2/repository/jakarta/annotation/jakarta.annotation-api/2.1.1/jakarta.annotation-api-2.1.1.jar:/Users/bricetchuemkom/.m2/repository/org/springframework/spring-aspects/6.0.7/spring-aspects-6.0.7.jar:/Users/bricetchuemkom/.m2/repository/org/springframework/boot/spring-boot-starter-web/3.0.5/spring-boot-starter-web-3.0.5.jar:/Users/bricetchuemkom/.m2/repository/org/springframework/boot/spring-boot-starter/3.0.5/spring-boot-starter-3.0.5.jar:/Users/bricetchuemkom/.m2/repository/org/springframework/boot/spring-boot/3.0.5/spring-boot-3.0.5.jar:/Users/bricetchuemkom/.m2/repository/org/springframework/boot/spring-boot-autoconfigure/3.0.5/spring-boot-autoconfigure-3.0.5.jar:/Users/bricetchuemkom/.m2/repository/org/springframework/boot/spring-boot-starter-logging/3.0.5/spring-boot-starter-logging-3.0.5.jar:/Users/bricetchuemkom/.m2/repository/ch/qos/logback/logback-classic/1.4.6/logback-classic-1.4.6.jar:/Users/bricetchuemkom/.m2/repository/ch/qos/logback/logback-core/1.4.6/logback-core-1.4.6.jar:/Users/bricetchuemkom/.m2/repository/org/apache/logging/log4j/log4j-to-slf4j/2.19.0/log4j-to-slf4j-2.19.0.jar:/Users/bricetchuemkom/.m2/repository/org/apache/logging/log4j/log4j-api/2.19.0/log4j-api-2.19.0.jar:/Users/bricetchuemkom/.m2/repository/org/slf4j/jul-to-slf4j/2.0.7/jul-to-slf4j-2.0.7.jar:/Users/bricetchuemkom/.m2/repository/org/yaml/snakeyaml/1.33/snakeyaml-1.33.jar:/Users/bricetchuemkom/.m2/repository/org/springframework/boot/spring-boot-starter-json/3.0.5/spring-boot-starter-json-3.0.5.jar:/Users/bricetchuemkom/.m2/repository/com/fasterxml/jackson/core/jackson-databind/2.14.2/jackson-databind-2.14.2.jar:/Users/bricetchuemkom/.m2/repository/com/fasterxml/jackson/core/jackson-core/2.14.2/jackson-core-2.14.2.jar:/Users/bricetchuemkom/.m2/repository/com/fasterxml/jackson/datatype/jackson-datatype-jdk8/2.14.2/jackson-datatype-jdk8-2.14.2.jar:/Users/bricetchuemkom/.m2/repository/com/fasterxml/jackson/datatype/jackson-datatype-jsr310/2.14.2/jackson-datatype-jsr310-2.14.2.jar:/Users/bricetchuemkom/.m2/repository/com/fasterxml/jackson/module/jackson-module-parameter-names/2.14.2/jackson-module-parameter-names-2.14.2.jar:/Users/bricetchuemkom/.m2/repository/org/springframework/boot/spring-boot-starter-tomcat/3.0.5/spring-boot-starter-tomcat-3.0.5.jar:/Users/bricetchuemkom/.m2/repository/org/apache/tomcat/embed/tomcat-embed-core/10.1.7/tomcat-embed-core-10.1.7.jar:/Users/bricetchuemkom/.m2/repository/org/apache/tomcat/embed/tomcat-embed-el/10.1.7/tomcat-embed-el-10.1.7.jar:/Users/bricetchuemkom/.m2/repository/org/apache/tomcat/embed/tomcat-embed-websocket/10.1.7/tomcat-embed-websocket-10.1.7.jar:/Users/bricetchuemkom/.m2/repository/org/springframework/spring-web/6.0.7/spring-web-6.0.7.jar:/Users/bricetchuemkom/.m2/repository/io/micrometer/micrometer-observation/1.10.5/micrometer-observation-1.10.5.jar:/Users/bricetchuemkom/.m2/repository/io/micrometer/micrometer-commons/1.10.5/micrometer-commons-1.10.5.jar:/Users/bricetchuemkom/.m2/repository/org/springframework/spring-webmvc/6.0.7/spring-webmvc-6.0.7.jar:/Users/bricetchuemkom/.m2/repository/org/springframework/spring-expression/6.0.7/spring-expression-6.0.7.jar:/Users/bricetchuemkom/.m2/repository/org/springframework/boot/spring-boot-starter-data-jdbc/3.0.5/spring-boot-starter-data-jdbc-3.0.5.jar:/Users/bricetchuemkom/.m2/repository/org/springframework/data/spring-data-jdbc/3.0.4/spring-data-jdbc-3.0.4.jar:/Users/bricetchuemkom/.m2/repository/org/springframework/data/spring-data-relational/3.0.4/spring-data-relational-3.0.4.jar:/Users/bricetchuemkom/.m2/repository/org/flywaydb/flyway-core/9.5.1/flyway-core-9.5.1.jar:/Users/bricetchuemkom/.m2/repository/com/electronwill/night-config/toml/3.6.6/toml-3.6.6.jar:/Users/bricetchuemkom/.m2/repository/com/electronwill/night-config/core/3.6.6/core-3.6.6.jar:/Users/bricetchuemkom/.m2/repository/com/github/javafaker/javafaker/1.0.2/javafaker-1.0.2.jar:/Users/bricetchuemkom/.m2/repository/org/apache/commons/commons-lang3/3.12.0/commons-lang3-3.12.0.jar:/Users/bricetchuemkom/.m2/repository/org/yaml/snakeyaml/1.23/snakeyaml-1.23-android.jar:/Users/bricetchuemkom/.m2/repository/com/github/mifmif/generex/1.0.2/generex-1.0.2.jar:/Users/bricetchuemkom/.m2/repository/dk/brics/automaton/automaton/1.11-8/automaton-1.11-8.jar:/Users/bricetchuemkom/.m2/repository/org/springframework/boot/spring-boot-starter-test/3.0.5/spring-boot-starter-test-3.0.5.jar:/Users/bricetchuemkom/.m2/repository/org/springframework/boot/spring-boot-test/3.0.5/spring-boot-test-3.0.5.jar:/Users/bricetchuemkom/.m2/repository/org/springframework/boot/spring-boot-test-autoconfigure/3.0.5/spring-boot-test-autoconfigure-3.0.5.jar:/Users/bricetchuemkom/.m2/repository/com/jayway/jsonpath/json-path/2.7.0/json-path-2.7.0.jar:/Users/bricetchuemkom/.m2/repository/net/minidev/json-smart/2.4.10/json-smart-2.4.10.jar:/Users/bricetchuemkom/.m2/repository/net/minidev/accessors-smart/2.4.9/accessors-smart-2.4.9.jar:/Users/bricetchuemkom/.m2/repository/org/ow2/asm/asm/9.3/asm-9.3.jar:/Users/bricetchuemkom/.m2/repository/jakarta/xml/bind/jakarta.xml.bind-api/4.0.0/jakarta.xml.bind-api-4.0.0.jar:/Users/bricetchuemkom/.m2/repository/jakarta/activation/jakarta.activation-api/2.1.1/jakarta.activation-api-2.1.1.jar:/Users/bricetchuemkom/.m2/repository/org/assertj/assertj-core/3.23.1/assertj-core-3.23.1.jar:/Users/bricetchuemkom/.m2/repository/org/hamcrest/hamcrest/2.2/hamcrest-2.2.jar:/Users/bricetchuemkom/.m2/repository/org/junit/jupiter/junit-jupiter/5.9.2/junit-jupiter-5.9.2.jar:/Users/bricetchuemkom/.m2/repository/org/junit/jupiter/junit-jupiter-params/5.9.2/junit-jupiter-params-5.9.2.jar:/Users/bricetchuemkom/.m2/repository/org/junit/jupiter/junit-jupiter-engine/5.9.2/junit-jupiter-engine-5.9.2.jar:/Users/bricetchuemkom/.m2/repository/org/junit/platform/junit-platform-engine/1.9.2/junit-platform-engine-1.9.2.jar:/Users/bricetchuemkom/.m2/repository/org/mockito/mockito-core/4.8.1/mockito-core-4.8.1.jar:/Users/bricetchuemkom/.m2/repository/net/bytebuddy/byte-buddy-agent/1.12.23/byte-buddy-agent-1.12.23.jar:/Users/bricetchuemkom/.m2/repository/org/objenesis/objenesis/3.2/objenesis-3.2.jar:/Users/bricetchuemkom/.m2/repository/org/mockito/mockito-junit-jupiter/4.8.1/mockito-junit-jupiter-4.8.1.jar:/Users/bricetchuemkom/.m2/repository/org/skyscreamer/jsonassert/1.5.1/jsonassert-1.5.1.jar:/Users/bricetchuemkom/.m2/repository/com/vaadin/external/google/android-json/0.0.20131108.vaadin1/android-json-0.0.20131108.vaadin1.jar:/Users/bricetchuemkom/.m2/repository/org/springframework/spring-core/6.0.7/spring-core-6.0.7.jar:/Users/bricetchuemkom/.m2/repository/org/springframework/spring-jcl/6.0.7/spring-jcl-6.0.7.jar:/Users/bricetchuemkom/.m2/repository/org/springframework/spring-test/6.0.7/spring-test-6.0.7.jar:/Users/bricetchuemkom/.m2/repository/org/xmlunit/xmlunit-core/2.9.1/xmlunit-core-2.9.1.jar:/Users/bricetchuemkom/.m2/repository/org/testcontainers/testcontainers/1.17.6/testcontainers-1.17.6.jar:/Users/bricetchuemkom/.m2/repository/junit/junit/4.13.2/junit-4.13.2.jar:/Users/bricetchuemkom/.m2/repository/org/hamcrest/hamcrest-core/2.2/hamcrest-core-2.2.jar:/Users/bricetchuemkom/.m2/repository/org/slf4j/slf4j-api/2.0.7/slf4j-api-2.0.7.jar:/Users/bricetchuemkom/.m2/repository/org/apache/commons/commons-compress/1.22/commons-compress-1.22.jar:/Users/bricetchuemkom/.m2/repository/org/rnorth/duct-tape/duct-tape/1.0.8/duct-tape-1.0.8.jar:/Users/bricetchuemkom/.m2/repository/org/jetbrains/annotations/17.0.0/annotations-17.0.0.jar:/Users/bricetchuemkom/.m2/repository/com/github/docker-java/docker-java-api/3.2.13/docker-java-api-3.2.13.jar:/Users/bricetchuemkom/.m2/repository/com/fasterxml/jackson/core/jackson-annotations/2.14.2/jackson-annotations-2.14.2.jar:/Users/bricetchuemkom/.m2/repository/com/github/docker-java/docker-java-transport-zerodep/3.2.13/docker-java-transport-zerodep-3.2.13.jar:/Users/bricetchuemkom/.m2/repository/com/github/docker-java/docker-java-transport/3.2.13/docker-java-transport-3.2.13.jar:/Users/bricetchuemkom/.m2/repository/net/java/dev/jna/jna/5.8.0/jna-5.8.0.jar:/Users/bricetchuemkom/.m2/repository/org/testcontainers/junit-jupiter/1.17.6/junit-jupiter-1.17.6.jar:/Users/bricetchuemkom/.m2/repository/org/junit/jupiter/junit-jupiter-api/5.9.2/junit-jupiter-api-5.9.2.jar:/Users/bricetchuemkom/.m2/repository/org/opentest4j/opentest4j/1.2.0/opentest4j-1.2.0.jar:/Users/bricetchuemkom/.m2/repository/org/junit/platform/junit-platform-commons/1.9.2/junit-platform-commons-1.9.2.jar:/Users/bricetchuemkom/.m2/repository/org/apiguardian/apiguardian-api/1.1.2/apiguardian-api-1.1.2.jar:/Users/bricetchuemkom/.m2/repository/org/testcontainers/postgresql/1.17.6/postgresql-1.17.6.jar:/Users/bricetchuemkom/.m2/repository/org/testcontainers/jdbc/1.17.6/jdbc-1.17.6.jar:/Users/bricetchuemkom/.m2/repository/org/testcontainers/database-commons/1.17.6/database-commons-1.17.6.jar:/Users/bricetchuemkom/.m2/repository/org/springframework/boot/spring-boot-starter-webflux/3.0.5/spring-boot-starter-webflux-3.0.5.jar:/Users/bricetchuemkom/.m2/repository/org/springframework/boot/spring-boot-starter-reactor-netty/3.0.5/spring-boot-starter-reactor-netty-3.0.5.jar:/Users/bricetchuemkom/.m2/repository/io/projectreactor/netty/reactor-netty-http/1.1.5/reactor-netty-http-1.1.5.jar:/Users/bricetchuemkom/.m2/repository/io/netty/netty-codec-http/4.1.90.Final/netty-codec-http-4.1.90.Final.jar:/Users/bricetchuemkom/.m2/repository/io/netty/netty-common/4.1.90.Final/netty-common-4.1.90.Final.jar:/Users/bricetchuemkom/.m2/repository/io/netty/netty-buffer/4.1.90.Final/netty-buffer-4.1.90.Final.jar:/Users/bricetchuemkom/.m2/repository/io/netty/netty-transport/4.1.90.Final/netty-transport-4.1.90.Final.jar:/Users/bricetchuemkom/.m2/repository/io/netty/netty-codec/4.1.90.Final/netty-codec-4.1.90.Final.jar:/Users/bricetchuemkom/.m2/repository/io/netty/netty-handler/4.1.90.Final/netty-handler-4.1.90.Final.jar:/Users/bricetchuemkom/.m2/repository/io/netty/netty-codec-http2/4.1.90.Final/netty-codec-http2-4.1.90.Final.jar:/Users/bricetchuemkom/.m2/repository/io/netty/netty-resolver-dns/4.1.90.Final/netty-resolver-dns-4.1.90.Final.jar:/Users/bricetchuemkom/.m2/repository/io/netty/netty-resolver/4.1.90.Final/netty-resolver-4.1.90.Final.jar:/Users/bricetchuemkom/.m2/repository/io/netty/netty-codec-dns/4.1.90.Final/netty-codec-dns-4.1.90.Final.jar:/Users/bricetchuemkom/.m2/repository/io/netty/netty-resolver-dns-native-macos/4.1.90.Final/netty-resolver-dns-native-macos-4.1.90.Final-osx-x86_64.jar:/Users/bricetchuemkom/.m2/repository/io/netty/netty-resolver-dns-classes-macos/4.1.90.Final/netty-resolver-dns-classes-macos-4.1.90.Final.jar:/Users/bricetchuemkom/.m2/repository/io/netty/netty-transport-native-epoll/4.1.90.Final/netty-transport-native-epoll-4.1.90.Final-linux-x86_64.jar:/Users/bricetchuemkom/.m2/repository/io/netty/netty-transport-native-unix-common/4.1.90.Final/netty-transport-native-unix-common-4.1.90.Final.jar:/Users/bricetchuemkom/.m2/repository/io/netty/netty-transport-classes-epoll/4.1.90.Final/netty-transport-classes-epoll-4.1.90.Final.jar:/Users/bricetchuemkom/.m2/repository/io/projectreactor/netty/reactor-netty-core/1.1.5/reactor-netty-core-1.1.5.jar:/Users/bricetchuemkom/.m2/repository/io/netty/netty-handler-proxy/4.1.90.Final/netty-handler-proxy-4.1.90.Final.jar:/Users/bricetchuemkom/.m2/repository/io/netty/netty-codec-socks/4.1.90.Final/netty-codec-socks-4.1.90.Final.jar:/Users/bricetchuemkom/.m2/repository/org/springframework/spring-webflux/6.0.7/spring-webflux-6.0.7.jar:/Users/bricetchuemkom/.m2/repository/io/projectreactor/reactor-core/3.5.4/reactor-core-3.5.4.jar:/Users/bricetchuemkom/.m2/repository/org/reactivestreams/reactive-streams/1.0.4/reactive-streams-1.0.4.jar:"/>
    <property name="sun.cpu.endian" value="little"/>
    <property name="user.home" value="/Users/bricetchuemkom"/>
    <property name="user.language" value="de"/>
    <property name="java.specification.vendor" value="Oracle Corporation"/>
    <property name="java.version.date" value="2023-03-21"/>
    <property name="java.home" value="/Users/bricetchuemkom/Library/Java/JavaVirtualMachines/openjdk-20/Contents/Home"/>
    <property name="file.separator" value="/"/>
    <property name="basedir" value="/Users/bricetchuemkom/Desktop/Groovanoscode/spring-boot-example"/>
    <property name="java.vm.compressedOopsMode" value="Zero based"/>
    <property name="line.separator" value="&#10;"/>
    <property name="java.vm.specification.vendor" value="Oracle Corporation"/>
    <property name="java.specification.name" value="Java Platform API Specification"/>
    <property name="apple.awt.application.name" value="ForkedBooter"/>
    <property name="surefire.real.class.path" value="/Users/bricetchuemkom/Desktop/Groovanoscode/spring-boot-example/target/surefire/surefirebooter18420974687100904887.jar"/>
    <property name="sun.management.compiler" value="HotSpot 64-Bit Tiered Compilers"/>
    <property name="ftp.nonProxyHosts" value="local|*.local|169.254/16|*.169.254/16"/>
    <property name="java.runtime.version" value="20+36-2344"/>
    <property name="user.name" value="bricetchuemkom"/>
    <property name="stdout.encoding" value="UTF-8"/>
    <property name="path.separator" value=":"/>
    <property name="os.version" value="13.3.1"/>
    <property name="java.runtime.name" value="OpenJDK Runtime Environment"/>
    <property name="file.encoding" value="UTF-8"/>
    <property name="java.vm.name" value="OpenJDK 64-Bit Server VM"/>
    <property name="localRepository" value="/Users/bricetchuemkom/.m2/repository"/>
    <property name="java.vendor.url.bug" value="https://bugreport.java.com/bugreport/"/>
    <property name="java.io.tmpdir" value="/var/folders/gr/1qyfnj0n21x42rsb03fzps2r0000gn/T/"/>
    <property name="java.version" value="20"/>
    <property name="user.dir" value="/Users/bricetchuemkom/Desktop/Groovanoscode/spring-boot-example"/>
    <property name="os.arch" value="aarch64"/>
    <property name="java.vm.specification.name" value="Java Virtual Machine Specification"/>
    <property name="native.encoding" value="UTF-8"/>
    <property name="java.library.path" value="/Users/bricetchuemkom/Library/Java/Extensions:/Library/Java/Extensions:/Network/Library/Java/Extensions:/System/Library/Java/Extensions:/usr/lib/java:."/>
    <property name="java.vm.info" value="mixed mode, sharing"/>
    <property name="stderr.encoding" value="UTF-8"/>
    <property name="java.vendor" value="Oracle Corporation"/>
    <property name="java.vm.version" value="20+36-2344"/>
    <property name="sun.io.unicode.encoding" value="UnicodeBig"/>
    <property name="socksNonProxyHosts" value="local|*.local|169.254/16|*.169.254/16"/>
    <property name="java.class.version" value="64.0"/>
  </properties>
  <testcase name="selectAllCustomers" classname="com.groovanoscode.customer.CustomerJDBCDataAccessServiceTest" time="0.124"/>
  <testcase name="willUpdateAllPropertiesCustomer" classname="com.groovanoscode.customer.CustomerJDBCDataAccessServiceTest" time="0.024"/>
  <testcase name="deleteCustomerById" classname="com.groovanoscode.customer.CustomerJDBCDataAccessServiceTest" time="0.021"/>
  <testcase name="existsPersonWithIdWillReturnFalseWhenIdNotPresent" classname="com.groovanoscode.customer.CustomerJDBCDataAccessServiceTest" time="0.033"/>
  <testcase name="updateCustomerName" classname="com.groovanoscode.customer.CustomerJDBCDataAccessServiceTest" time="0.023"/>
  <testcase name="existsPersonWithEmail" classname="com.groovanoscode.customer.CustomerJDBCDataAccessServiceTest" time="0.02"/>
  <testcase name="willNotUpdateWhenNothingToUpdate" classname="com.groovanoscode.customer.CustomerJDBCDataAccessServiceTest" time="0.02"/>
  <testcase name="updateCustomerAge" classname="com.groovanoscode.customer.CustomerJDBCDataAccessServiceTest" time="0.022"/>
  <testcase name="existsPersonWidthEmailReturnsFalseWhenDoesNotExists" classname="com.groovanoscode.customer.CustomerJDBCDataAccessServiceTest" time="0.018"/>
  <testcase name="selectCustomerById" classname="com.groovanoscode.customer.CustomerJDBCDataAccessServiceTest" time="0.021"/>
  <testcase name="willReturnEmptyWhenSelectCustomerById" classname="com.groovanoscode.customer.CustomerJDBCDataAccessServiceTest" time="0.019"/>
  <testcase name="insertCustomer" classname="com.groovanoscode.customer.CustomerJDBCDataAccessServiceTest" time="0.02"/>
  <testcase name="existsCustomerWithId" classname="com.groovanoscode.customer.CustomerJDBCDataAccessServiceTest" time="0.027"/>
  <testcase name="updateCustomerEmail" classname="com.groovanoscode.customer.CustomerJDBCDataAccessServiceTest" time="0.029"/>
</testsuite>